<?xml version="1.0" encoding="UTF-8"?>
<!-- Generated by org.testng.reporters.JUnitXMLReporter -->
<testsuite hostname="USMECYASMITTAL1" ignored="0" name="Command line test" tests="1" failures="0" timestamp="29 Feb 2020 23:52:55 GMT" time="2.167" errors="0">
  <testcase name="@BeforeTest beforeTest" time="0.0" classname="BaseTest.BaseTest">
    <failure type="org.testng.TestNGException" message="
Parameter &amp;apos;browser&amp;apos; is required by BeforeTest on method beforeTest but has not been marked @Optional or defined
">
      <![CDATA[org.testng.TestNGException: 
Parameter 'browser' is required by BeforeTest on method beforeTest but has not been marked @Optional or defined

	at BaseTest.testNGListenerAdapter.main(testNGListenerAdapter.java:15)
... Removed 17 stack frames]]>
    </failure>
  </testcase> <!-- @BeforeTest beforeTest -->
  <testcase name="@BeforeClass startTest" time="0.0" classname="BaseTest.BaseTest">
    <skipped/>
  </testcase> <!-- @BeforeClass startTest -->
  <testcase name="@AfterMethod afterMethod" time="0.0" classname="BaseTest.BaseTest">
    <skipped/>
  </testcase> <!-- @AfterMethod afterMethod -->
  <testcase name="@AfterClass endTest" time="0.0" classname="BaseTest.BaseTest">
    <skipped/>
  </testcase> <!-- @AfterClass endTest -->
  <testcase name="@AfterTest afterTest" time="0.0" classname="BaseTest.BaseTest">
    <skipped/>
  </testcase> <!-- @AfterTest afterTest -->
  <testcase name="TestLoginPass" time="0.001" classname="TestCases.Test1">
    <skipped/>
  </testcase> <!-- TestLoginPass -->
</testsuite> <!-- Command line test -->
